1 213
1 242
1 33
1 271
1 259
1 12
1 156
1 141
1 265
1 180
1 293
1 75
1 256
1 68
1 59
1 112
1 282
1 288
1 296
1 10
1 185
1 181
1 0
1 152
1 285
1 196
1 114
1 106
1 95
1 243
1 111
1 216
1 121
1 212
1 101
1 119
1 127
1 201
1 96
1 272
1 98
1 11
1 43
1 219
1 258
1 13
1 126
1 161
1 205
1 54
1 16
1 104
1 85
1 290
1 48
1 63
1 244
1 206
1 170
1 25
1 80
1 260
1 94
1 135
1 154
1 89
1 131
1 214
1 284
1 49
1 151
1 1
1 249
1 257
1 140
1 67
1 233
1 223
1 224
1 116
1 15
1 245
1 143
1 73
1 226
1 203
1 21
1 294
1 148
1 50
1 204
1 207
1 83
1 208
1 276
1 155
1 295
1 42
1 103
1 289
