21 8671 6630 5439 4731 6378 227 8805 4784 8507 2649 9798 3871 6392 3850 4738 7893 1537 4687 8559 5621 1035
21 3729 1461 6893 9269 2824 1590 1887 5826 4225 3599 3214 706 435 4931 5123 3325 5357 6234 8620 5847 2702
21 5670 9155 4930 6371 6261 2150 1399 6048 945 5583 9808 2277 1199 5643 8978 5749 2841 7020 114 9667 4301
21 6755 631 9132 2686 6485 1441 3452 7846 8536 5737 8696 8720 3002 6244 108 6743 2845 7991 120 1222 7220
21 370 8011 7319 9954 7270 3830 8429 1521 8943 9239 1601 8803 5745 894 1606 8435 1355 8812 3694 3758 50
21 3248 4194 9000 101 8324 4943 8934 4465 524 3041 3491 2411 6519 1371 1003 5261 2074 1944 5329 4015 107
21 1379 8234 9518 651 7554 5189 9741 6093 4276 3064 5572 7083 2718 4992 2532 8343 6656 5444 6914 5185 895
21 5186 5207 261 4326 8900 5685 923 1759 5609 3404 1707 20 4076 4332 2058 6077 6797 504 4154 7509 2784
21 9435 346 8817 87 2296 8814 2911 3028 3083 9548 3296 275 1934 7011 9186 1284 353 1568 5203 5945 4254
21 6119 2386 6057 3451 4299 2664 5835 4637 3435 6897 2082 5594 8419 1396 3744 4209 6494 4996 9923 258 6141
21 5961 3787 7254 5442 4400 3012 7235 7100 5913 8298 4951 9257 4736 7138 6144 4573 9184 247 363 2007 9403
21 9615 423 574 9366 5426 6813 7706 8388 8293 6579 8901 9582 798 999 9205 5156 2771 4713 2461 3311 2165
21 7329 1610 2516 1823 8716 303 6401 6790 702 49 6263 1810 977 3003 9324 398 2850 1798 3034 5644 4862
21 5071 1413 8505 1460 6233 4381 2891 7000 7244 4514 7378 3065 1907 7223 2985 5480 7352 2688 4323 9301 8499
21 6896 2499 7431 6398 3062 4196 3261 3031 2198 8251 6767 4880 5773 610 210 7462 3875 2766 6357 436 4698
21 572 7813 1312 1629 7409 8787 2456 7538 2773 9768 1809 5620 6804 4402 2073 9338 6986 3051 7909 7346 6337
21 6264 5840 9681 7154 9996 990 5000 2585 4375 1030 4393 6814 4876 4755 4248 9900 9094 4413 8958 5871 7785
21 9099 3164 9386 8288 1170 5333 5568 5607 8126 2308 7146 9200 335 9693 550 921 9758 1553 9614 7331 9511
21 6074 5502 9288 790 4820 4509 1631 819 7251 6496 427 468 7660 1555 755 8372 6251 1608 9739 367 1479
21 5850 4017 4426 3060 2404 8687 8287 8383 9519 9033 1156 5157 6010 9706 5748 9964 8460 7607 2906 2214 3718
21 1247 539 6158 6972 421 8922 2449 760 2969 3594 4577 5438 6300 4963 7186 6162 1971 1757 6703 2916 4115
21 5440 8375 155 5598 8681 1583 7899 3534 7784 5833 339 7014 196 3464 8710 891 2081 1013 8914 521 5524
21 2836 7715 1523 1435 7224 6583 8053 9381 8626 1836 6277 479 6311 1816 1516 3687 6590 2132 8993 5933 4970
21 4372 6719 67 2128 5497 4928 449 1422 3849 2880 7583 3355 2253 4679 4469 4603 7323 6009 636 2231 1609
21 3099 6436 5633 1114 8403 1048 5132 3346 7624 8674 9115 413 4851 4742 2412 5681 9041 6720 9935 5153 4270
21 9835 4981 9987 2980 2741 4575 4007 5256 6796 8196 3017 9002 8374 7763 8884 1165 2402 7668 6060 393 5538
21 3778 2405 2925 8925 6883 7762 1775 6108 9887 6830 9268 1054 12 8605 5837 4568 7522 2314 1081 838 8719
21 852 3190 2176 9957 3681 243 3273 916 8560 9253 299 9 4972 1158 6022 6046 2849 4059 8094 4455 3645
21 696 565 3726 6498 4585 6035 7954 9165 2470 9888 1953 6290 4531 4262 9886 6080 4205 6567 1981 5085 4924
21 9199 4656 1886 9307 5445 7953 3701 376 5470 9051 7574 9059 6787 8452 597 293 6514 9622 5308 2084 1109
21 1248 8254 89 9466 5300 2070 4212 7067 7238 880 8477 4479 7579 8542 3469 130 6214 9546 5321 3540 3111
21 9502 4476 1026 5467 6163 3490 8106 640 8021 5716 8362 2794 7692 1211 7129 1829 3475 458 6858 4900 9983
21 8521 8363 5399 2116 4258 3509 2290 3503 4799 6899 960 6563 7967 3522 2272 3887 4179 4823 4051 7713 581
21 4622 9948 3141 3226 9460 6385 2817 7952 7355 7600 1229 422 9717 3578 2340 5739 1231 8253 7374 9743 585
21 8552 1360 1147 7694 6847 8599 3533 4151 7873 8271 7360 5091 1281 4457 7523 7710 1960 3852 9201 764 6641
21 9689 5650 2307 7165 3139 8844 3562 4398 7779 128 2964 5284 6230 53 8133 8721 3377 5814 2022 1022 5640
21 7902 6751 418 165 7203 5684 9213 8909 537 2865 6426 6727 70 5104 366 9374 4358 9479 4533 1940 7
21 9607 1591 6186 4889 8624 5244 7446 4172 4274 2155 5591 4785 2241 5344 1729 2556 4668 1006 4581 9611 6090
21 5986 940 2431 280 9322 8366 7210 7827 6117 9391 6409 8394 6699 41 3407 2683 4883 6742 5079 516 8669
21 6470 5941 3556 5455 1455 6569 9064 2811 3129 7498 7943 2940 8331 426 720 7972 1279 8949 5807 7121 8096
21 1533 1105 96 8697 7911 5628 3131 6697 8180 8976 9001 8802 6181 737 7732 8520 3098 3882 2191 7141 1017
21 7771 1249 5148 4672 9218 6473 9727 4362 2417 6102 2625 1140 1905 4629 7181 9069 9867 6240 2206 8999 5288
21 2650 6530 6143 390 3203 6228 8573 311 4200 8274 2111 2477 4781 8205 1515 1574 774 5231 5736 9716 2955
21 9855 2578 1227 583 6109 8233 1076 2476 7669 9203 5265 9035 8409 284 2338 5726 4339 476 6478 6667 6375
21 2048 4821 4424 6295 3884 1 1635 6406 570 575 2958 1028 4858 3228 2561 2788 7269 2639 2178 962 8550
21 9128 8079 7066 3727 7766 595 6704 2974 8029 3434 7452 5499 2 2024 4351 3275 9079 4526 4515 6092 5125
21 7278 7756 863 5880 6379 3797 3821 4919 1375 7656 8988 9550 527 4182 4596 4638 1377 5757 7708 4935 8541
21 6071 175 6761 3366 7093 300 1695 5968 9420 9543 2447 2959 7078 8408 3442 1315 2083 6411 2542 7368 9498
21 5034 2175 4376 9724 7030 1077 2550 7775 2690 2586 2652 5403 8731 2244 4094 2870 4452 2544 189 4486 8779
21 5429 3183 6066 240 8423 3815 2717 9968 2416 2638 7055 6545 419 9521 4782 3741 3415 4460 1228 5296 4403
21 4130 1010 2088 6390 2760 3224 747 8232 2979 3949 9453 9291 4220 4175 7862 7477 2000 7338 2757 9928 4666
21 6492 5193 7499 967 8266 1318 4661 3834 731 4505 861 2987 5781 8983 992 7936 4766 7970 3001 8130 6675
21 2492 7068 6365 4442 3019 3794 5353 8584 3021 4078 3872 8564 9365 2042 2345 6597 6210 9246 1214 424 7108
21 3050 1091 8590 4529 3276 7844 1342 9208 6316 4871 443 4181 2197 7677 4588 9478 5239 5772 2225 1159 9508
21 4495 5246 9542 6686 6212 1625 5346 4026 8171 2443 9461 8773 3121 5696 4816 2761 6037 4934 4016 1418 3176
21 3793 2013 9407 470 8230 78 9193 4969 248 4466 3119 246 9856 9670 7481 5474 6081 6033 6016 5789 1526
21 8107 4229 1794 3757 5443 3897 3880 1634 4360 6731 7513 1304 9869 338 1434 6826 2790 2787 6643 7453 3130
21 4162 1381 2421 7727 437 7051 7130 6373 7765 7266 743 4489 4045 1741 8941 9803 6321 3547 9285 8724 9173
21 9040 4370 6985 779 7543 1125 9071 9463 3546 1290 1291 4842 4635 980 2774 851 434 4987 4948 6993 98
21 8100 8404 2895 3742 2478 2715 2333 3094 9032 1620 2554 358 4754 8529 4899 3320 1888 6075 670 4564 545
21 7258 9967 5947 7780 4087 4307 5376 4118 8224 3585 3857 6450 2707 9123 8647 9517 6123 9600 2064 6735 3073
21 975 2213 7973 4298 5799 7974 4872 8617 6294 8867 8532 7291 5886 694 361 9845 7586 1000 6012 2453 3488
21 5798 7383 1137 2090 4287 4396 517 2011 2280 1546 1219 8936 4602 8220 3082 9204 624 1681 9373 3792 3894
21 3545 7747 7411 4060 2947 6931 9011 2039 5026 2857 8218 9719 6551 360 5944 9818 4906 3353 4986 5198 4770
21 7830 9175 9780 4242 9072 8077 2133 993 5103 5960 6003 3573 5247 3479 9759 1612 9192 8500 7007 6381 9910
21 7725 3838 399 9978 2324 206 4909 1411 6064 8043 9674 136 7926 7924 199 1668 9096 8804 9097 8955 1027
21 7135 5472 2336 5065 9636 635 6865 8075 3067 6383 1873 8041 359 9050 3664 44 2933 2242 8135 1818 3132
21 9004 7389 3692 2434 2919 4075 8386 8009 1031 1447 2580 9281 7606 7963 5483 9174 5418 2978 3221 4042 7308
21 1954 134 9686 6438 5192 2750 732 2199 1148 4993 5223 8121 5531 3581 5715 2035 7469 4548 2604 3153 7405
21 630 336 1694 6695 6789 8830 740 5352 3440 2576 7200 2847 874 2194 7979 8061 9134 6998 5920 8012 330
21 9189 1982 3869 4502 7617 996 1073 8575 9121 6655 3765 2854 9788 5280 3437 2089 1157 6454 8176 8906 7213
21 4733 926 8425 9274 4831 1392 1495 1372 6124 6982 7046 7679 2647 7158 4761 563 816 625 5407 8972 8665
21 6644 6260 710 5314 467 9106 1245 3210 2104 9704 8497 3848 6582 9690 4255 8003 1478 714 5615 2161 1192
21 7479 1117 663 1916 4797 5754 6142 3714 7197 447 167 6747 3722 5978 4641 4539 8489 3908 6841 5463 2708
21 9829 2215 1345 4271 6393 3812 8526 1393 4631 1404 4994 2923 8616 6058 5409 4716 9448 3677 2014 6297 2861
21 4818 933 1541 8174 7283 2359 7354 3917 4811 5025 8431 8010 3386 8911 269 5580 1851 8276 6457 7937 5233
21 9068 2106 1183 8767 9135 8102 6577 6994 4980 6151 394 8257 4705 1567 1139 5994 8463 8294 7010 2185 914
21 232 6167 6121 2636 9969 7675 6622 9698 9017 8874 6923 8798 6861 7745 4005 3856 8726 9631 8579 6040 937
21 534 3339 6402 9547 5155 9005 3025 3243 5135 9380 3173 7778 9771 1482 4213 982 824 1632 1042 8832 2659
21 85 9223 9663 7297 7534 787 4714 4135 7896 116 3196 9494 6629 3895 6320 3264 854 5078 1918 9452 4170
21 5003 906 4198 7148 4522 2006 814 5983 1738 2003 194 1319 1193 5599 7539 5337 3476 7611 9450 9924 1883
