1 7468
1 2591
1 8227
1 7227
1 4796
1 9504
1 7948
1 2418
1 7206
1 3202
1 2736
1 2573
1 9927
1 4887
1 5982
1 8890
1 1855
1 9459
1 7110
1 8563
1 3560
1 1880
1 7716
1 6517
1 2660
1 2176
1 1817
1 9287
1 9121
1 8670
1 4027
1 1135
1 5991
1 7433
1 2384
1 2581
1 5071
1 7325
1 6527
1 4471
1 5903
1 8967
1 3647
1 5480
1 1000
1 5091
1 1339
1 7581
1 3539
1 203
1 6544
1 476
1 7632
1 7013
1 978
1 3321
1 2528
1 306
1 6686
1 2718
1 2887
1 2053
1 3654
1 8088
1 6321
1 6753
1 1159
1 4941
1 5983
1 8824
1 492
1 8773
1 8071
1 3358
1 5226
1 8306
1 1399
1 1192
1 2758
1 6190
1 5441
1 7575
1 820
1 4557
1 8596
1 7804
1 9954
1 6377
1 1376
1 2939
1 9377
1 8730
1 4469
1 4793
1 8727
1 773
1 7678
1 8303
1 4646
1 1344
1 9483
1 8965
1 3760
1 4411
1 3936
1 4011
1 9824
1 7025
1 180
1 7270
1 9723
1 6039
1 2212
1 1555
1 3608
1 1067
1 9868
1 4829
1 3491
1 2346
1 8192
1 9925
1 5968
1 3341
1 3708
1 563
1 7444
1 3578
1 8968
1 6252
1 1626
1 2430
1 4818
1 7061
1 5059
1 7909
1 7613
1 3207
1 364
1 8253
1 719
1 1178
1 9803
1 1844
1 7773
1 2288
1 4679
1 3696
1 5886
1 1381
1 2445
1 6879
1 9252
1 5513
1 4483
1 9550
1 9763
1 9520
1 9359
1 4070
1 4138
1 9044
1 2951
1 9515
1 3381
1 1114
1 5578
1 872
1 7122
1 9251
1 8184
1 5137
1 1778
1 7464
1 9360
1 8578
1 5478
1 3709
1 4528
1 7621
1 1545
1 8402
1 3827
1 2297
1 1563
1 7147
1 4420
1 5067
1 5553
1 7355
1 7362
1 1208
1 3614
1 1319
1 7284
1 4006
1 7760
1 5649
1 23
1 368
1 6591
1 6960
1 6090
1 6912
1 6031
1 6515
1 8605
1 7809
1 5444
1 5371
1 4417
1 9530
1 7109
1 9186
1 4301
1 6463
1 7990
1 9256
1 6403
1 666
1 873
1 7482
1 9349
1 311
1 1803
1 7972
1 1023
1 2412
1 3824
1 8711
1 4736
1 5969
1 7347
1 7015
1 4329
1 499
1 7522
1 5332
1 1146
1 9693
1 9346
1 3638
1 3147
1 8788
1 3861
1 1027
1 1190
1 1105
1 2866
1 6018
1 6834
1 3291
1 2486
1 4520
1 3225
1 835
1 7075
1 9418
1 7684
1 1246
1 4868
1 7506
1 766
1 4467
1 5780
1 8553
1 310
1 4588
1 8330
1 7453
1 4838
1 1973
1 3362
1 3088
1 7913
1 2620
1 1998
1 9249
1 7108
1 1922
1 6143
1 1874
1 3870
1 2015
1 1140
1 8047
1 1061
1 3230
1 943
1 6583
1 7779
1 9019
1 4717
1 6610
1 240
1 4949
1 6238
1 5979
1 4325
1 8719
1 1284
1 1018
1 218
1 1956
1 4644
1 1022
1 8571
1 7346
1 923
1 9910
1 9914
1 2448
1 1546
1 2709
1 1529
1 641
1 4317
1 2177
1 9740
1 5254
1 2541
1 7458
1 1785
1 7936
1 5975
1 3729
1 3367
1 8000
1 7655
1 3086
1 5573
1 5985
1 4604
1 8422
1 2265
1 8758
1 2099
1 8111
1 7862
1 9913
1 4321
1 4048
1 1002
1 2751
1 3193
1 89
1 9449
1 7376
1 233
1 8878
1 174
1 6745
1 3288
1 1143
1 5562
1 8994
1 5742
1 6744
1 4352
1 9864
1 7432
1 2669
1 5281
1 1206
1 4948
1 7383
1 1695
1 2717
1 9049
1 9579
1 3705
1 7379
1 1194
1 5919
1 8599
1 4836
1 768
1 9489
1 1037
1 8546
1 4065
1 6600
1 908
1 211
1 384
1 1269
1 5914
1 389
1 3767
1 3161
1 7600
1 2944
1 3272
1 7196
1 4523
1 4390
1 5245
1 3252
1 2981
1 3028
