10 3663 4669 7788 6447 3879 3377 3012 4998 7949 8674 1502
10 4780 6765 9688 9654 6865 6402 8014 991 1328 9169 3160
10 2634 1454 878 1296 970 8129 488 3668 1560 631 3369
10 4032 4602 4099 4343 3453 8640 2540 3768 3827 640 6965
10 2174 1822 4375 8204 5382 4240 4497 3900 6864 3051 9683
10 5221 5478 649 7151 7530 7230 4612 4644 8045 3637 3038
10 3171 551 5390 8765 3503 9029 5078 5505 9231 3641 3935
10 347 2417 7368 4686 5350 4386 6021 342 2589 5101 6199
10 2882 7324 2549 4574 7471 6027 9178 3980 3858 6568 415
10 8729 6957 6971 5961 1611 6687 4336 5061 4963 8995 1126
10 5002 1788 41 6806 2370 7479 6414 6026 5728 8300 5249
10 2484 4222 4074 7312 6701 9347 6567 6676 5749 3565 6730
10 3417 8409 2120 1504 8633 1535 6637 556 6022 5181 6804
10 8833 7056 4454 4270 5741 2011 7821 1633 6235 8605 8001
10 2796 4943 8804 1566 5878 2289 830 7728 8067 8856 8463
10 6975 5496 9187 8329 6492 9341 1156 9265 8921 8073 708
10 2280 1718 1478 6509 7303 96 3200 9446 9104 8983 2459
10 8770 4776 4439 7055 7609 1570 8219 85 9864 1011 3092
10 8135 6526 4566 8193 7681 3318 8296 75 834 5107 4463
10 8941 282 8672 4426 5184 6254 2807 318 2312 6070 5017
10 3173 1577 1977 5139 5356 1736 3500 1522 2922 6418 5272
10 1181 9736 9918 8840 7885 4924 1884 2275 4909 9461 7455
10 8887 1961 5627 687 9893 1027 4814 8667 7125 2525 7502
10 1875 7364 6221 839 511 6230 7444 441 7214 5425 667
10 7009 9643 6761 6812 2116 9379 7583 2261 7679 3838 2749
10 1215 565 9983 7923 3570 7379 9610 2667 9205 4288 5215
10 9841 942 9762 814 8341 664 57 2700 5560 6572 5461
10 2216 4094 1697 3769 8738 820 1153 6131 7661 97 6264
10 7804 5578 3647 5813 1731 843 1298 7243 8586 670 8338
10 2925 6435 3750 9954 5014 1209 4327 111 1228 1190 9186
10 7899 9919 4118 512 6098 1505 5179 630 2618 6059 1333
10 5016 6673 3800 1081 3352 1955 6515 1510 5610 6608 4144
10 4757 7490 6768 3078 4365 2488 9358 2198 5849 9163 7569
10 1743 8095 7417 5245 5485 3573 4356 3367 3791 574 8860
10 8189 1352 1387 6968 6696 6589 4611 3404 6251 770 8940
10 123 699 1589 1749 8984 928 8004 6315 6307 3346 9278
10 5536 6578 5479 3727 1162 3587 1236 7155 8202 3448 532
10 7563 7591 3548 4860 3007 3933 1753 9262 9921 4164 1692
10 5360 9222 4305 5506 4161 5762 4558 161 1114 4549 2084
10 4490 9026 684 9109 4670 7774 5214 542 2482 4713 2658
10 2729 9545 5583 2245 8122 8215 8254 2787 5980 5965 3399
10 1910 598 6215 4433 578 1905 1776 3545 7463 6250 5540
10 3853 1103 7363 7870 3276 6623 5843 4031 2194 7398 8602
10 5418 2916 9318 7234 5085 6679 5871 4946 3576 9764 8679
10 3430 5058 2329 20 7196 151 405 5619 7817 2565 9928
10 4105 9550 2801 8413 7741 1609 535 7935 8595 4751 230
10 9823 2195 2824 2391 7751 3741 3186 138 8821 5563 423
10 1216 1098 3810 3216 1237 5180 4541 869 1447 6755 4690
10 3508 8418 1061 6377 1874 5775 388 1042 5344 8425 6371
10 8476 4487 1859 8081 5527 2068 389 3494 7523 8990 9342
10 8027 7223 3152 8918 8206 7023 673 5823 2008 1926 2069
10 2182 9300 2439 9161 9926 766 1739 7178 8021 8874 9437
10 4410 1413 6304 9179 3184 1665 3120 9631 8121 9085 3607
10 5216 6152 6305 1293 3868 2780 8052 9899 1799 550 3708
10 6754 8462 5750 1648 5575 7872 8788 294 2927 2078 5200
10 2444 4782 9 5415 9455 8059 5240 1701 4248 2320 7633
10 6190 8728 2263 5869 9660 9435 6717 5507 1254 2990 7892
10 4694 1341 9389 7267 2352 3023 7575 6431 2118 3513 4320
10 288 8798 1292 7647 1538 5882 8601 6893 9241 6910 9162
10 8346 3464 3512 8744 4724 7172 9503 9543 1814 8599 3953
10 5631 2096 8075 8955 7805 9536 7528 1285 2934 295 5622
10 7495 4079 148 8977 8008 8237 46 1960 6197 3387 6781
10 6619 5304 7566 4318 3394 89 2222 3615 410 3738 7290
10 7568 7094 9095 5296 5449 290 3737 4660 659 4052 7981
10 281 3157 4115 2632 8755 8651 3982 6551 3923 6871 887
10 9525 5531 5099 4508 9935 8793 4010 8172 6132 8522 892
10 5232 173 7676 110 800 1594 6436 164 3673 686 4398
10 3358 4820 8264 6725 5398 5781 9637 1280 4930 8408 8888
10 7521 7607 9190 1194 9131 9776 1674 2600 7629 1600 9083
10 4819 9891 1802 8275 7669 641 3696 3542 9808 3413 8665
10 1073 1575 1865 6534 8287 5254 4962 7116 2014 3724 8
10 947 6697 2351 1312 7240 9307 7651 8404 3856 4057 2281
10 7065 689 2668 6280 9989 796 9488 8629 2202 4812 2873
10 5685 736 6750 816 3728 1375 2664 9468 2814 305 2971
10 8626 4355 4208 7372 5365 1696 3785 468 4335 626 3403
10 4594 9108 7319 4058 1128 3535 5774 1854 6119 6953 4821
10 8218 9311 7869 5634 5997 4560 9903 8590 6343 6960 6734
10 7553 3102 7917 7581 6727 4904 2784 9697 8546 491 6920
10 9214 6552 3004 3384 8835 177 7498 9840 8890 2132 8506
10 7533 7621 8225 5257 3569 978 964 3973 5727 2407 3926
10 7310 3723 4752 5812 7897 5013 2455 6905 6630 3181 4196
10 516 4859 7659 6525 8789 6583 3147 7004 9151 5959 7253
10 6338 8542 9659 6577 559 7285 3993 9979 615 6323 201
10 5292 167 3122 260 1485 7819 5422 2036 1175 8687 854
10 3397 6295 5463 3142 3633 9434 8037 2430 3258 2276 1787
10 5513 1261 8574 3378 5860 6900 9756 3590 4077 2791 3812
10 1598 6032 2984 3802 9167 514 579 4536 4202 6825 6925
10 2382 9482 4764 7656 9493 1084 1160 4934 4926 7539 8266
10 2260 5045 6415 2711 4112 1742 2910 5874 7849 931 9076
10 2930 701 2719 3701 5329 2073 3684 6934 8509 4189 2696
10 6932 1629 661 6504 7752 4245 4412 8352 4056 5641 602
10 3320 4564 1533 1435 9749 1188 7000 3074 4623 5731 2298
10 213 811 3164 3252 9862 3718 9440 4461 5192 6303 2833
10 636 883 6213 160 2987 5307 76 7350 6499 6706 2867
10 7956 6471 2846 2871 7613 5713 5042 7863 7218 6913 4996
10 1902 4297 6145 9856 2520 3066 439 3228 7276 7740 5199
10 5280 6976 6249 9937 4229 7945 2716 5271 9406 3840 7482
10 7100 1702 64 446 3334 8156 3869 8312 9516 5494 9037
10 9043 7105 4446 98 5130 8429 7017 3105 2920 6924 9192
10 8380 7237 17 4029 6169 9141 9070 3425 7157 8942 9565
10 568 8178 1614 5554 7028 1558 9189 493 848 9280 1014
10 9377 9633 6168 6279 8794 3008 9450 2657 910 362 3808
10 5956 9519 6719 7336 9233 7433 893 8295 4154 1982 4036
10 464 4815 8113 4675 911 2778 1786 3021 7097 5585 6785
10 9200 4940 1396 6252 2273 6045 4883 3310 584 8704 7159
10 7682 6438 3821 9071 2576 6636 2915 7067 903 8991 9615
10 5275 1050 4133 4638 5495 7937 2946 7550 2257 0 4484
10 5276 5678 676 8142 8722 1458 3322 8861 3979 859 4590
10 1624 4881 2992 8234 2034 1811 7537 9558 5170 2243 6459
10 624 3600 3155 2502 2564 5284 8120 8432 5632 4254 8132
10 2975 1917 6760 2737 2773 6852 6365 51 6569 6496 9046
10 4083 4759 818 3315 3422 7061 6718 117 7022 9040 9510
10 6513 7910 3272 4697 7424 9735 2388 460 1963 2837 9694
10 832 8336 4017 4828 7709 313 2537 1529 5486 3357 805
10 1078 901 7517 5470 9035 2234 8174 2265 2354 5912 3480
10 2702 243 7931 6284 1490 2562 781 5389 4443 6880 4371
10 4075 1700 3263 9884 7492 49 4614 9859 5057 475 6313
10 5029 6606 3560 1129 1948 2006 4706 992 8727 837 9414
10 5676 7835 1680 1604 3167 2831 6823 4109 2581 1878 2466
10 8330 8363 3988 3516 5203 4042 2009 1268 3578 2293 2487
10 1032 954 9236 6964 5306 7026 2751 1470 4431 6987 2661
10 2891 5072 2850 7403 5865 9858 4190 3958 4546 29 5040
10 2139 8684 3608 8805 8596 2101 5176 5491 4927 129 8894
10 3045 1102 4956 9627 2947 2757 5532 6238 7732 3233 836
10 4533 8772 5742 6473 3960 3493 7903 6649 9150 4591 1758
10 8339 9992 3911 7715 5674 7333 9354 6652 9652 5660 1971
10 5201 3002 5754 8026 6663 8322 3278 733 3068 6333 2516
10 8497 4442 2771 8370 9371 2613 3687 1282 3681 9555 3345
10 8485 9411 2106 888 3877 3766 4753 4342 9212 9718 5846
10 473 6866 2467 2949 9998 7245 5046 6058 957 4858 7867
10 1797 4866 2579 3794 100 461 5895 2560 1762 5331 8098
10 8222 6542 3057 5021 517 504 6275 9133 3249 5526 1974
10 8302 6858 9269 6465 1079 714 6312 9939 4538 9745 3061
10 2902 6796 1342 8469 2033 2211 9532 141 6826 4218 4499
10 3891 6662 9423 380 4689 4264 135 5592 3293 4798 1133
10 4258 8440 2928 1631 1302 7439 319 5789 4095 4890 6943
10 4309 799 3275 9024 6208 4628 3924 6802 4146 6482 9391
10 8816 2442 1101 3525 2059 5294 6223 8815 2795 1946 4731
10 3029 7117 3572 8786 8876 7717 6359 9494 4942 3026 6071
10 5715 7271 8032 3951 9397 9149 6507 231 5998 3829 6683
10 1046 8456 8423 9540 669 5428 8321 953 1386 4763 8149
10 7425 737 25 552 4200 359 8514 1238 2389 8512 8807
10 3452 1996 1625 5928 5134 3916 8632 1456 3892 322 416
10 9877 7331 6998 8565 9408 4961 3375 5779 4505 519 694
10 8948 9331 7374 9353 2590 5167 3626 3883 5145 930 1085
10 188 8859 7777 9792 4071 5354 4142 8507 7514 983 1244
10 9018 1639 8471 2099 5652 5688 987 1392 9559 2127 4677
10 5867 3089 465 2184 8307 7934 1972 3065 9650 3874 8183
10 4145 6603 5082 8318 4605 7968 4656 9009 192 4718 8195
10 6246 9267 7268 8474 382 337 2169 9088 860 5698 8664
10 4647 6048 7894 8872 8769 639 8959 2148 5499 6187 3283
10 3242 1250 3579 4423 2869 4482 651 2645 6770 7887 6981
10 8500 9950 5516 7390 5696 5649 2054 5671 7620 8714 7164
10 9225 4414 7865 8757 5825 9201 3128 155 7714 9310 8379
10 2953 7687 428 7963 8691 3989 7559 616 8077 2428 264
10 8110 4695 9562 528 3758 4684 657 2974 2016 4822 393
10 1019 9467 9847 6478 4308 5657 1636 3575 3406 6467 2190
10 5412 1779 748 7213 8078 5880 2291 5747 5819 6666 2985
10 7359 8877 5803 79 8252 7557 5701 6076 6783 4247 4376
10 3412 3609 7440 700 1727 8039 8936 8952 9680 4749 4391
10 4474 9830 9837 3983 2371 9170 189 358 1660 5759 4625
10 5171 5902 2766 7251 5808 2662 546 1514 3907 6288 8635
10 6141 9335 4968 8030 219 3714 3777 2434 4502 9067 3267
10 1397 7820 7815 3298 3373 4802 3897 6142 7150 9789 3444
10 220 5618 9568 6110 4221 5266 4143 8766 643 312 6528
10 1714 4974 5111 6522 7330 7576 5573 6055 682 1198 9754
10 2546 8269 8908 7836 1330 3243 2492 6853 2161 1373 3977
10 7924 3662 9081 8782 2153 5299 5059 7005 2886 2629 3998
10 1661 6488 1380 1009 7970 7582 1225 7942 2972 4402 5120
10 1402 66 1689 5500 4106 3053 4438 8562 5230 5131 5691
10 4976 1841 2358 7366 6844 4886 1406 1010 7592 6967 6474
10 6912 9561 3000 8350 618 5363 5028 3364 5096 1062 9208
10 1887 3253 4516 91 7182 5862 8038 6155 5317 2723 6564
10 5651 4520 6256 889 8776 7595 9355 9947 2383 7106 7657
10 9642 5116 9004 3855 683 4301 5231 149 3678 8028 7965
10 8584 7708 1290 4569 3287 4907 6904 5582 6225 8518 9050
10 8720 8932 2395 6278 6379 5402 8813 7175 619 919 2954
10 9813 5379 6108 483 6432 7328 1241 8000 2039 2377 5075
10 8426 5282 730 3705 7041 7972 3919 8477 595 7120 7048
10 8763 5426 3712 4012 7397 2989 4862 9620 3405 9930 1669
10 6510 1154 8140 4137 7602 6690 5565 9929 6261 573 2064
10 6211 1249 9819 9025 2641 6954 6020 5855 8775 8262 6828
10 5250 3246 725 9674 3610 7601 158 8091 9955 9636 9549
10 477 5084 5778 395 4889 1340 3751 8230 7756 4604 745
10 1877 7701 6157 1552 1562 3870 3787 967 9323 5404 1107
10 8982 2355 7964 2047 2697 4894 8548 1063 1136 844 3084
10 2810 6611 8054 6324 6270 6074 5 3574 1142 4774 3313
10 547 7976 2942 7436 1596 6952 74 5375 1628 6160 3699
10 8526 9219 3749 8896 2454 1729 1171 7778 2183 7247 7443
10 9849 6123 5477 9723 6648 6935 2556 951 5434 9015 8467
10 8901 5964 8232 1477 9188 7042 6183 3818 6503 4540 8638
10 653 9729 9664 8591 355 7999 7670 8555 7997 8771 9566
10 4572 2292 758 2802 2288 9675 8733 157 298 6 1071
10 7069 8450 2743 8288 2863 711 9530 5073 936 3197 3456
10 6784 8622 3544 1217 3180 1508 330 7930 3427 6661 5672
10 6555 617 4334 7329 5031 2758 3095 9053 6618 7487 261
10 1058 1359 8458 1812 8387 7115 5625 4051 7188 496 1364
10 2025 3436 194 5689 9638 7526 2140 7257 8251 2929 3680
10 8100 5816 266 7634 202 9967 3539 2528 9472 3297 3685
10 1442 6460 4653 9250 1007 1121 492 2717 9857 4050 7688
10 6948 9760 9448 9920 2019 7050 1515 4179 2311 4104 9226
10 9914 2623 2656 2362 2375 8087 1719 4300 4275 4176 418
10 9548 8878 42 3688 4170 771 4716 5264 4578 5932 920
10 4341 9103 4027 7830 5637 1243 5295 8166 8393 8260 9116
10 5827 7750 5399 8332 9871 8405 7513 269 9578 9547 9357
10 6872 8643 6923 3368 1326 5644 9484 3351 9588 2486 3241
10 5911 9748 2965 4607 6146 5931 4241 4044 729 2746 3457
10 6670 1724 5195 4643 8041 8871 5452 4512 1138 4833 7451
10 8308 9452 7888 5640 9601 153 6167 5462 2379 8364 7544
10 351 3127 9790 7570 660 1018 8369 8013 2841 8939 127
10 4453 7883 9572 8834 1652 4201 2201 9570 4701 3097 1579
10 5629 6657 1621 9302 5417 5559 5297 5047 5242 3786 2605
10 6506 7095 2895 5595 1344 6990 7316 9693 7011 3819 3094
10 1756 7891 3070 3424 2396 9064 397 35 8781 4456 3433
10 5359 8965 7692 7816 3123 668 1645 459 9399 5006 5467
10 7362 211 7734 87 5861 1994 2080 7478 1025 6073 1651
10 2874 1407 4639 7129 6342 2826 3773 8317 1053 7827 5636
10 4123 9972 9635 4020 7279 5064 5720 8395 2885 9875 8411
10 6159 8148 9711 1886 7520 8249 526 502 4253 665 3860
10 7064 2300 256 6539 1930 9329 2413 1169 4476 1608 9126
10 9381 2323 759 47 5052 4147 4130 1694 5102 2774 9553
10 743 224 1691 3210 2505 7108 9136 6713 5820 3036 596
10 315 1711 1899 2044 2074 9304 9157 8784 5971 3511 914
10 6556 8624 3154 2228 2847 9900 324 9663 6396 4064 1369
10 9796 4944 8044 3018 5995 310 1023 152 6430 5330 2970
10 92 7168 9051 4155 6296 3815 1203 3788 7173 963 3910
10 569 7600 5705 9603 1919 6198 5305 6053 7845 4531 6798
10 1357 8717 8749 1439 4261 6906 9008 6281 9672 5535 8390
10 3178 6271 3851 4775 5487 7143 9173 7809 3337 373 1826
10 5054 793 7194 6989 7485 7361 9416 8557 4125 588 2631
10 7854 553 9513 7045 4185 2115 9590 8677 5746 760 3903
10 2135 4732 2217 8152 5571 2663 2994 8703 5929 2509 7227
10 5198 2373 6573 8810 9166 3126 3890 9988 7402 3149 2405
10 5533 4287 442 5135 2538 3968 5817 3863 7585 3205 2687
10 8642 5053 5122 5605 4285 5225 8929 5125 9479 4008 4213
10 9333 6443 9102 5798 6400 8246 9086 5458 225 4793 5982
10 2337 9028 9393 7153 7615 9466 3099 5621 589 5722 7304
10 3624 9818 287 8690 9176 9721 447 311 2499 7063 666
10 3671 4383 1450 9152 204 9974 1127 2755 4204 813 2650
10 9551 2021 5468 5185 5623 115 3024 2835 4504 1429 3273
10 466 5488 3055 5648 7060 3395 5241 4583 7735 1520 5996
10 3909 4243 4311 5795 8817 8146 7221 4603 7879 2904 6651
10 9309 244 948 9078 9512 8496 9138 5301 3194 6182 7167
10 9715 7450 3316 7980 8335 205 1306 5314 4606 7499 1314
10 2309 7597 6231 8563 9640 2506 7321 9951 6974 9589 2102
10 2776 8666 321 862 249 2967 9206 247 8934 9667 5092
10 1845 1428 1006 7437 833 3458 9523 2252 90 9706 6040
10 4182 2410 1813 9506 3534 5777 905 4746 181 332 907
10 6600 4340 4585 3279 4207 8889 3421 6835 1201 3156 2411
10 5386 8482 5603 7739 6439 4696 4703 580 2508 4756 3080
10 6433 1853 855 9016 7459 1591 6393 835 4369 5077 3765
10 9708 7626 4021 9669 9520 1754 6659 1666 4434 5708 5238
10 5436 4608 5476 780 162 3032 8313 3386 7522 6857 5802
10 207 1433 7680 6625 3470 180 440 5770 577 7683 6797
10 1003 2893 1066 9682 4874 1335 2020 7618 2679 8999 7643
10 3060 622 3948 3746 2542 2331 2207 7674 3994 1289 8846
10 4908 8143 9579 4634 4662 3049 4897 1030 6764 1427 5439
10 5178 9595 361 5966 5988 3170 4741 2315 7343 1576 2236
10 9704 1747 3400 7878 1901 4550 6758 5662 7876 7486 3226
10 8752 8573 8124 6106 2543 1390 921 5666 8465 8855 4919
10 6756 3509 7895 7192 9276 1398 989 6650 6175 998 8175
10 8809 7032 9772 7994 4992 3625 4984 9526 78 1221 248
10 6066 9965 5797 3839 5909 9195 7200 1460 5071 3463 1734
10 1479 235 7598 6909 7401 1849 7782 1945 8895 5794 1752
10 5896 2449 8243 7001 7545 4377 9811 3594 845 8579 2005
10 4037 4437 1549 8825 8089 5950 5070 3658 5370 9363 6052
10 8791 184 1730 4283 9295 7434 6195 5108 9124 9806 8016
10 43 1166 5420 4312 5438 1619 8449 6425 1892 265 9886
10 4806 852 1705 5783 8136 1640 9850 8614 4581 1735 564
10 6290 8273 2599 6699 3645 3864 292 1178 8263 1806 1770
10 4932 9861 3059 732 4579 6144 1135 1565 8837 3702 3670
10 650 941 5987 1034 8968 6773 2071 2136 1513 3940 6876
10 7072 7006 1898 4507 338 7795 2246 6366 3922 4867 7059
10 238 8735 4016 5453 1606 8289 5315 6464 5945 5193 652
10 3782 3686 9514 6245 2747 9428 8015 9605 7244 6349 1940
10 8532 8084 8139 7918 8068 498 8381 2000 7503 8061 2583
10 5262 8558 1376 8035 1164 3410 1074 112 7770 9421 3284
10 5411 4226 6046 8459 5437 8541 1252 1389 69 1783 3835
10 8980 6907 7702 7678 5967 1453 4214 4193 1409 3294 5596
10 608 8910 5298 566 3005 4126 5465 5572 2384 1828 7572
10 555 604 9786 3130 3224 5692 9054 1643 2936 7467 7822
10 7322 1231 827 68 3303 7314 3866 1866 7207 7554 9653
10 420 6815 1134 6669 3553 2055 7567 4223 8524 1099 772
10 7046 8569 1585 3482 6394 2712 8444 4428 1174 2040 2004
10 1415 6378 5587 3873 1525 5380 5786 4510 1507 5921 2479
10 5285 5832 8191 4470 2982 6757 6291 6273 4194 8407 5497
10 6409 6019 716 6947 6772 8649 7260 7346 4711 2390 6257
10 6751 272 3721 7149 7737 9625 9521 9032 5842 3479 6664
10 8900 2883 5027 8327 8373 9981 5093 9953 6081 9122 6945
10 6080 3906 6837 3090 965 3277 5920 1534 8029 9916 7745
10 8682 7327 1436 7796 997 6044 169 1698 1523 84 8179
10 1978 8464 3597 258 1441 913 1465 5943 1676 1750 8386
10 5568 381 434 1262 2431 7148 4845 6011 2775 3354 2933
10 2524 4393 2335 4407 4914 8062 4935 6170 3505 3611 4411
10 2742 4537 5577 7905 6958 1356 5670 2681 4440 3667 6140
10 9582 8906 83 9006 7675 2931 7508 3789 4734 6721 7342
10 3034 2290 1327 9328 3296 4167 7800 4233 4767 7753 1271
10 6008 4293 2147 3761 4978 6437 1540 4771 4773 7967 1530
10 6277 8709 5332 4777 6112 1308 4622 5604 9774 637 1914
10 7790 174 6267 8868 7010 4710 6833 6186 1137 3740 2783
10 121 6310 7019 457 7179 8265 6840 6631 2143 4404 5114
10 797 422 600 2232 9297 522 958 33 2575 1716 5511
10 6646 3416 4762 5393 4616 6817 5190 1372 3568 1992 5601
10 8962 739 5616 6000 7393 9101 81 1432 5151 2286 1763
10 67 1613 6493 7783 1767 570 548 5521 6220 2768 2046
10 5346 5010 7779 2151 200 776 2013 7354 8748 1686 5607
10 8653 7191 8726 6453 718 1850 3237 7540 226 1807 9247
10 8096 2067 505 9409 1067 2991 5100 8443 2514 2017 1605
10 9940 4785 58 80 4338 3110 6516 9072 4957 2643 4492
10 3928 8007 5403 245 9082 4089 8196 9432 5704 5482 4535
10 2022 9193 7998 1360 3231 5518 9118 5881 5828 6747 4595
10 1223 5815 8543 7882 7081 7021 2955 8049 7141 8151 4838
10 6490 9991 8973 8571 3429 3753 5121 9834 7943 1420 9948
10 1595 2907 9325 9471 5955 4337 5839 853 407 4225 2551
10 9229 6916 9454 2842 1180 7834 5973 2347 4682 1151 3108
10 3946 8267 3169 8792 2401 2003 6387 5953 6234 3343 4683
10 4663 8577 9374 9791 5714 2129 257 3899 6561 4788 5974
10 7650 9286 1229 317 7086 3348 662 6986 6582 4885 284
10 2523 104 2498 1488 7950 4444 2660 7912 7532 5371 1075
10 2394 2526 3530 2212 9724 6012 7208 9062 9268 5613 1143
10 3153 5233 5196 9365 9753 8578 9964 879 5620 7089 3420
10 9597 6039 5205 9905 2210 563 114 1247 5934 8277 3747
10 7938 8937 8799 9996 2980 2199 1772 1923 6598 8447 5150
10 356 4577 9769 1803 3592 2817 7691 5776 752 223 6639
10 8534 916 1152 4902 6782 3709 270 6889 3341 3115 1726
10 9898 3347 1377 8180 8340 3991 674 6938 4589 5555 2977
10 4632 7648 4215 8762 1493 4272 3030 9218 4678 8836 3204
10 2453 9656 5087 5870 2588 6006 3140 419 4917 680 5041
10 9327 3507 7380 8130 5594 1706 5729 8617 5388 968 5104
10 4307 6691 7995 3882 9324 2112 6138 1212 6855 1388 9999
10 5854 8933 8803 6778 882 5090 8529 3331 8511 1808 1473
10 8845 198 1909 6800 2786 6898 398 6787 1226 3981 4041
10 4173 4529 6708 1354 5335 9438 1086 7775 3042 6979 5248
10 692 5259 7103 2110 7623 1311 1517 8284 3672 7719 53
10 791 6325 6405 4882 2018 9299 4831 335 5469 8768 1592
10 3300 1408 6903 7560 2239 2170 7373 873 6240 130 3498
10 3234 2366 7140 8323 3797 9645 7388 1563 7794 2279 3580
10 610 4174 8394 979 632 9962 8566 3850 9719 4175 585
10 9673 8402 2296 2313 1051 59 8778 9171 1048 4358 917
10 6774 9251 6899 4269 4515 364 3842 6810 3256 7146 1920
10 974 2342 5872 6678 5219 1699 4727 3905 3775 7666 3606
10 3655 4323 768 8102 8947 5866 6580 6316 3792 773 4937
10 5361 3861 1764 9486 7542 6057 7053 7301 5810 1329 5824
10 4013 5936 4090 2087 9489 6560 9894 9380 7345 2887 7134
10 9462 7007 2426 2160 52 7654 354 497 7662 3461 7631
10 756 3259 4067 5392 3198 609 1475 1277 7769 5897 426
10 8707 8996 6819 9587 8276 5244 5117 1347 831 7183 1805
10 8879 469 7605 2278 750 5868 6174 5978 6410 9661 1981
10 6210 2474 8310 2349 851 969 8173 7255 6563 9907 2781
10 3790 7349 6126 3837 943 2998 3963 7673 7909 9958 3418
